FINAL_KDLEDESMA/app/build/intermediates/manifest_merge_blame_file/debug/processDebugMainManifest/manifest-merger-blame-debug-report.txt
1<?xml version="1.0" encoding="utf-8"?>
2<manifest xmlns:android="http://schemas.android.com/apk/res/android"
3    package="ec.edu.uce.final_kdledesma"
4    android:versionCode="1"
5    android:versionName="1.0" >
6
7    <uses-sdk
8        android:minSdkVersion="28"
9        android:targetSdkVersion="36" />
10
11    <uses-permission android:name="android.permission.POST_NOTIFICATIONS" />
11-->src\main\AndroidManifest.xml:5:5-77
11-->src\main\AndroidManifest.xml:5:22-74
12    <uses-permission android:name="android.permission.INTERNET" />
12-->src\main\AndroidManifest.xml:6:5-67
12-->src\main\AndroidManifest.xml:6:22-64
13    <uses-permission android:name="android.permission.ACCESS_NETWORK_STATE" />
13-->src\main\AndroidManifest.xml:7:5-79
13-->src\main\AndroidManifest.xml:7:22-76
14    <uses-permission android:name="android.permission.WAKE_LOCK" />
14-->[androidx.work:work-runtime:2.9.0] AndroidManifest.xml:23:5-68
14-->[androidx.work:work-runtime:2.9.0] AndroidManifest.xml:23:22-65
15    <uses-permission android:name="android.permission.RECEIVE_BOOT_COMPLETED" />
15-->[androidx.work:work-runtime:2.9.0] AndroidManifest.xml:25:5-81
15-->[androidx.work:work-runtime:2.9.0] AndroidManifest.xml:25:22-78
16    <uses-permission android:name="android.permission.FOREGROUND_SERVICE" />
16-->[androidx.work:work-runtime:2.9.0] AndroidManifest.xml:26:5-77
16-->[androidx.work:work-runtime:2.9.0] AndroidManifest.xml:26:22-74
17
18    <permission
18-->[androidx.core:core:1.17.0] AndroidManifest.xml:22:5-24:47
19        android:name="ec.edu.uce.final_kdledesma.DYNAMIC_RECEIVER_NOT_EXPORTED_PERMISSION"
19-->[androidx.core:core:1.17.0] AndroidManifest.xml:23:9-81
20        android:protectionLevel="signature" />
20-->[androidx.core:core:1.17.0] AndroidManifest.xml:24:9-44
21
22    <uses-permission android:name="ec.edu.uce.final_kdledesma.DYNAMIC_RECEIVER_NOT_EXPORTED_PERMISSION" />
22-->[androidx.core:core:1.17.0] AndroidManifest.xml:26:5-97
22-->[androidx.core:core:1.17.0] AndroidManifest.xml:26:22-94
23
24    <application
24-->src\main\AndroidManifest.xml:9:5-34:19
25        android:allowBackup="true"
25-->src\main\AndroidManifest.xml:10:9-35
26        android:appComponentFactory="androidx.core.app.CoreComponentFactory"
26-->[androidx.core:core:1.17.0] AndroidManifest.xml:28:18-86
27        android:dataExtractionRules="@xml/data_extraction_rules"
27-->src\main\AndroidManifest.xml:11:9-65
28        android:debuggable="true"
29        android:extractNativeLibs="false"
30        android:fullBackupContent="@xml/backup_rules"
30-->src\main\AndroidManifest.xml:12:9-54
31        android:icon="@mipmap/ic_launcher"
31-->src\main\AndroidManifest.xml:13:9-43
32        android:label="@string/app_name"
32-->src\main\AndroidManifest.xml:14:9-41
33        android:roundIcon="@mipmap/ic_launcher_round"
33-->src\main\AndroidManifest.xml:15:9-54
34        android:supportsRtl="true"
34-->src\main\AndroidManifest.xml:16:9-35
35        android:testOnly="true"
36        android:theme="@style/Theme.FINAL_ERENRIQUEZP" >
36-->src\main\AndroidManifest.xml:17:9-55
37        <activity
37-->src\main\AndroidManifest.xml:18:9-27:20
38            android:name="ec.edu.uce.final_kdledesma.MainActivity"
38-->src\main\AndroidManifest.xml:19:13-41
39            android:exported="true"
39-->src\main\AndroidManifest.xml:20:13-36
40            android:theme="@style/Theme.FINAL_ERENRIQUEZP" >
40-->src\main\AndroidManifest.xml:21:13-59
41            <intent-filter>
41-->src\main\AndroidManifest.xml:22:13-26:29
42                <action android:name="android.intent.action.MAIN" />
42-->src\main\AndroidManifest.xml:23:17-69
42-->src\main\AndroidManifest.xml:23:25-66
43
44                <category android:name="android.intent.category.LAUNCHER" />
44-->src\main\AndroidManifest.xml:25:17-77
44-->src\main\AndroidManifest.xml:25:27-74
45            </intent-filter>
46        </activity>
47
48        <receiver
48-->src\main\AndroidManifest.xml:28:9-33:20
49            android:name="ec.edu.uce.final_kdledesma.sync.NetworkChangeReceiver"
49-->src\main\AndroidManifest.xml:28:19-61
50            android:exported="true" >
50-->src\main\AndroidManifest.xml:29:13-36
51            <intent-filter>
51-->src\main\AndroidManifest.xml:30:13-32:29
52                <action android:name="android.net.conn.CONNECTIVITY_CHANGE" />
52-->src\main\AndroidManifest.xml:31:17-79
52-->src\main\AndroidManifest.xml:31:25-76
53            </intent-filter>
54        </receiver>
55
56        <activity
56-->[androidx.compose.ui:ui-tooling-android:1.10.1] AndroidManifest.xml:23:9-25:39
57            android:name="androidx.compose.ui.tooling.PreviewActivity"
57-->[androidx.compose.ui:ui-tooling-android:1.10.1] AndroidManifest.xml:24:13-71
58            android:exported="true" />
58-->[androidx.compose.ui:ui-tooling-android:1.10.1] AndroidManifest.xml:25:13-36
59        <activity
59-->[androidx.compose.ui:ui-test-manifest:1.10.1] AndroidManifest.xml:23:9-26:79
60            android:name="androidx.activity.ComponentActivity"
60-->[androidx.compose.ui:ui-test-manifest:1.10.1] AndroidManifest.xml:24:13-63
61            android:exported="true"
61-->[androidx.compose.ui:ui-test-manifest:1.10.1] AndroidManifest.xml:25:13-36
62            android:theme="@android:style/Theme.Material.Light.NoActionBar" />
62-->[androidx.compose.ui:ui-test-manifest:1.10.1] AndroidManifest.xml:26:13-76
63
64        <provider
64-->[androidx.work:work-runtime:2.9.0] AndroidManifest.xml:29:9-37:20
65            android:name="androidx.startup.InitializationProvider"
65-->[androidx.work:work-runtime:2.9.0] AndroidManifest.xml:30:13-67
66            android:authorities="ec.edu.uce.final_kdledesma.androidx-startup"
66-->[androidx.work:work-runtime:2.9.0] AndroidManifest.xml:31:13-68
67            android:exported="false" >
67-->[androidx.work:work-runtime:2.9.0] AndroidManifest.xml:32:13-37
68            <meta-data
68-->[androidx.work:work-runtime:2.9.0] AndroidManifest.xml:34:13-36:52
69                android:name="androidx.work.WorkManagerInitializer"
69-->[androidx.work:work-runtime:2.9.0] AndroidManifest.xml:35:17-68
70                android:value="androidx.startup" />
70-->[androidx.work:work-runtime:2.9.0] AndroidManifest.xml:36:17-49
71            <meta-data
71-->[androidx.emoji2:emoji2:1.4.0] AndroidManifest.xml:29:13-31:52
72                android:name="androidx.emoji2.text.EmojiCompatInitializer"
72-->[androidx.emoji2:emoji2:1.4.0] AndroidManifest.xml:30:17-75
73                android:value="androidx.startup" />
73-->[androidx.emoji2:emoji2:1.4.0] AndroidManifest.xml:31:17-49
74            <meta-data
74-->[androidx.lifecycle:lifecycle-process:2.10.0] AndroidManifest.xml:29:13-31:52
75                android:name="androidx.lifecycle.ProcessLifecycleInitializer"
75-->[androidx.lifecycle:lifecycle-process:2.10.0] AndroidManifest.xml:30:17-78
76                android:value="androidx.startup" />
76-->[androidx.lifecycle:lifecycle-process:2.10.0] AndroidManifest.xml:31:17-49
77            <meta-data
77-->[androidx.profileinstaller:profileinstaller:1.4.0] AndroidManifest.xml:29:13-31:52
78                android:name="androidx.profileinstaller.ProfileInstallerInitializer"
78-->[androidx.profileinstaller:profileinstaller:1.4.0] AndroidManifest.xml:30:17-85
79                android:value="androidx.startup" />
79-->[androidx.profileinstaller:profileinstaller:1.4.0] AndroidManifest.xml:31:17-49
80            <meta-data
80-->[com.squareup.okhttp3:okhttp-android:5.3.2] AndroidManifest.xml:16:13-18:52
81                android:name="okhttp3.internal.platform.PlatformInitializer"
81-->[com.squareup.okhttp3:okhttp-android:5.3.2] AndroidManifest.xml:17:17-77
82                android:value="androidx.startup" />
82-->[com.squareup.okhttp3:okhttp-android:5.3.2] AndroidManifest.xml:18:17-49
83        </provider>
84
85        <service
85-->[androidx.work:work-runtime:2.9.0] AndroidManifest.xml:39:9-45:35
86            android:name="androidx.work.impl.background.systemalarm.SystemAlarmService"
86-->[androidx.work:work-runtime:2.9.0] AndroidManifest.xml:40:13-88
87            android:directBootAware="false"
87-->[androidx.work:work-runtime:2.9.0] AndroidManifest.xml:41:13-44
88            android:enabled="@bool/enable_system_alarm_service_default"
88-->[androidx.work:work-runtime:2.9.0] AndroidManifest.xml:42:13-72
89            android:exported="false" />
89-->[androidx.work:work-runtime:2.9.0] AndroidManifest.xml:43:13-37
90        <service
90-->[androidx.work:work-runtime:2.9.0] AndroidManifest.xml:46:9-52:35
91            android:name="androidx.work.impl.background.systemjob.SystemJobService"
91-->[androidx.work:work-runtime:2.9.0] AndroidManifest.xml:47:13-84
92            android:directBootAware="false"
92-->[androidx.work:work-runtime:2.9.0] AndroidManifest.xml:48:13-44
93            android:enabled="@bool/enable_system_job_service_default"
93-->[androidx.work:work-runtime:2.9.0] AndroidManifest.xml:49:13-70
94            android:exported="true"
94-->[androidx.work:work-runtime:2.9.0] AndroidManifest.xml:50:13-36
95            android:permission="android.permission.BIND_JOB_SERVICE" />
95-->[androidx.work:work-runtime:2.9.0] AndroidManifest.xml:51:13-69
96        <service
96-->[androidx.work:work-runtime:2.9.0] AndroidManifest.xml:53:9-59:35
97            android:name="androidx.work.impl.foreground.SystemForegroundService"
97-->[androidx.work:work-runtime:2.9.0] AndroidManifest.xml:54:13-81
98            android:directBootAware="false"
98-->[androidx.work:work-runtime:2.9.0] AndroidManifest.xml:55:13-44
99            android:enabled="@bool/enable_system_foreground_service_default"
99-->[androidx.work:work-runtime:2.9.0] AndroidManifest.xml:56:13-77
100            android:exported="false" />
100-->[androidx.work:work-runtime:2.9.0] AndroidManifest.xml:57:13-37
101
102        <receiver
102-->[androidx.work:work-runtime:2.9.0] AndroidManifest.xml:61:9-66:35
103            android:name="androidx.work.impl.utils.ForceStopRunnable$BroadcastReceiver"
103-->[androidx.work:work-runtime:2.9.0] AndroidManifest.xml:62:13-88
104            android:directBootAware="false"
104-->[androidx.work:work-runtime:2.9.0] AndroidManifest.xml:63:13-44
105            android:enabled="true"
105-->[androidx.work:work-runtime:2.9.0] AndroidManifest.xml:64:13-35
106            android:exported="false" />
106-->[androidx.work:work-runtime:2.9.0] AndroidManifest.xml:65:13-37
107        <receiver
107-->[androidx.work:work-runtime:2.9.0] AndroidManifest.xml:67:9-77:20
108            android:name="androidx.work.impl.background.systemalarm.ConstraintProxy$BatteryChargingProxy"
108-->[androidx.work:work-runtime:2.9.0] AndroidManifest.xml:68:13-106
109            android:directBootAware="false"
109-->[androidx.work:work-runtime:2.9.0] AndroidManifest.xml:69:13-44
110            android:enabled="false"
110-->[androidx.work:work-runtime:2.9.0] AndroidManifest.xml:70:13-36
111            android:exported="false" >
111-->[androidx.work:work-runtime:2.9.0] AndroidManifest.xml:71:13-37
112            <intent-filter>
112-->[androidx.work:work-runtime:2.9.0] AndroidManifest.xml:73:13-76:29
113                <action android:name="android.intent.action.ACTION_POWER_CONNECTED" />
113-->[androidx.work:work-runtime:2.9.0] AndroidManifest.xml:74:17-87
113-->[androidx.work:work-runtime:2.9.0] AndroidManifest.xml:74:25-84
114                <action android:name="android.intent.action.ACTION_POWER_DISCONNECTED" />
114-->[androidx.work:work-runtime:2.9.0] AndroidManifest.xml:75:17-90
114-->[androidx.work:work-runtime:2.9.0] AndroidManifest.xml:75:25-87
115            </intent-filter>
116        </receiver>
117        <receiver
117-->[androidx.work:work-runtime:2.9.0] AndroidManifest.xml:78:9-88:20
118            android:name="androidx.work.impl.background.systemalarm.ConstraintProxy$BatteryNotLowProxy"
118-->[androidx.work:work-runtime:2.9.0] AndroidManifest.xml:79:13-104
119            android:directBootAware="false"
119-->[androidx.work:work-runtime:2.9.0] AndroidManifest.xml:80:13-44
120            android:enabled="false"
120-->[androidx.work:work-runtime:2.9.0] AndroidManifest.xml:81:13-36
121            android:exported="false" >
121-->[androidx.work:work-runtime:2.9.0] AndroidManifest.xml:82:13-37
122            <intent-filter>
122-->[androidx.work:work-runtime:2.9.0] AndroidManifest.xml:84:13-87:29
123                <action android:name="android.intent.action.BATTERY_OKAY" />
123-->[androidx.work:work-runtime:2.9.0] AndroidManifest.xml:85:17-77
123-->[androidx.work:work-runtime:2.9.0] AndroidManifest.xml:85:25-74
124                <action android:name="android.intent.action.BATTERY_LOW" />
124-->[androidx.work:work-runtime:2.9.0] AndroidManifest.xml:86:17-76
124-->[androidx.work:work-runtime:2.9.0] AndroidManifest.xml:86:25-73
125            </intent-filter>
126        </receiver>
127        <receiver
127-->[androidx.work:work-runtime:2.9.0] AndroidManifest.xml:89:9-99:20
128            android:name="androidx.work.impl.background.systemalarm.ConstraintProxy$StorageNotLowProxy"
128-->[androidx.work:work-runtime:2.9.0] AndroidManifest.xml:90:13-104
129            android:directBootAware="false"
129-->[androidx.work:work-runtime:2.9.0] AndroidManifest.xml:91:13-44
130            android:enabled="false"
130-->[androidx.work:work-runtime:2.9.0] AndroidManifest.xml:92:13-36
131            android:exported="false" >
131-->[androidx.work:work-runtime:2.9.0] AndroidManifest.xml:93:13-37
132            <intent-filter>
132-->[androidx.work:work-runtime:2.9.0] AndroidManifest.xml:95:13-98:29
133                <action android:name="android.intent.action.DEVICE_STORAGE_LOW" />
133-->[androidx.work:work-runtime:2.9.0] AndroidManifest.xml:96:17-83
133-->[androidx.work:work-runtime:2.9.0] AndroidManifest.xml:96:25-80
134                <action android:name="android.intent.action.DEVICE_STORAGE_OK" />
134-->[androidx.work:work-runtime:2.9.0] AndroidManifest.xml:97:17-82
134-->[androidx.work:work-runtime:2.9.0] AndroidManifest.xml:97:25-79
135            </intent-filter>
136        </receiver>
137        <receiver
137-->[androidx.work:work-runtime:2.9.0] AndroidManifest.xml:100:9-109:20
138            android:name="androidx.work.impl.background.systemalarm.ConstraintProxy$NetworkStateProxy"
138-->[androidx.work:work-runtime:2.9.0] AndroidManifest.xml:101:13-103
139            android:directBootAware="false"
139-->[androidx.work:work-runtime:2.9.0] AndroidManifest.xml:102:13-44
140            android:enabled="false"
140-->[androidx.work:work-runtime:2.9.0] AndroidManifest.xml:103:13-36
141            android:exported="false" >
141-->[androidx.work:work-runtime:2.9.0] AndroidManifest.xml:104:13-37
142            <intent-filter>
142-->src\main\AndroidManifest.xml:30:13-32:29
143                <action android:name="android.net.conn.CONNECTIVITY_CHANGE" />
143-->src\main\AndroidManifest.xml:31:17-79
143-->src\main\AndroidManifest.xml:31:25-76
144            </intent-filter>
145        </receiver>
146        <receiver
146-->[androidx.work:work-runtime:2.9.0] AndroidManifest.xml:110:9-121:20
147            android:name="androidx.work.impl.background.systemalarm.RescheduleReceiver"
147-->[androidx.work:work-runtime:2.9.0] AndroidManifest.xml:111:13-88
148            android:directBootAware="false"
148-->[androidx.work:work-runtime:2.9.0] AndroidManifest.xml:112:13-44
149            android:enabled="false"
149-->[androidx.work:work-runtime:2.9.0] AndroidManifest.xml:113:13-36
150            android:exported="false" >
150-->[androidx.work:work-runtime:2.9.0] AndroidManifest.xml:114:13-37
151            <intent-filter>
151-->[androidx.work:work-runtime:2.9.0] AndroidManifest.xml:116:13-120:29
152                <action android:name="android.intent.action.BOOT_COMPLETED" />
152-->[androidx.work:work-runtime:2.9.0] AndroidManifest.xml:117:17-79
152-->[androidx.work:work-runtime:2.9.0] AndroidManifest.xml:117:25-76
153                <action android:name="android.intent.action.TIME_SET" />
153-->[androidx.work:work-runtime:2.9.0] AndroidManifest.xml:118:17-73
153-->[androidx.work:work-runtime:2.9.0] AndroidManifest.xml:118:25-70
154                <action android:name="android.intent.action.TIMEZONE_CHANGED" />
154-->[androidx.work:work-runtime:2.9.0] AndroidManifest.xml:119:17-81
154-->[androidx.work:work-runtime:2.9.0] AndroidManifest.xml:119:25-78
155            </intent-filter>
156        </receiver>
157        <receiver
157-->[androidx.work:work-runtime:2.9.0] AndroidManifest.xml:122:9-131:20
158            android:name="androidx.work.impl.background.systemalarm.ConstraintProxyUpdateReceiver"
158-->[androidx.work:work-runtime:2.9.0] AndroidManifest.xml:123:13-99
159            android:directBootAware="false"
159-->[androidx.work:work-runtime:2.9.0] AndroidManifest.xml:124:13-44
160            android:enabled="@bool/enable_system_alarm_service_default"
160-->[androidx.work:work-runtime:2.9.0] AndroidManifest.xml:125:13-72
161            android:exported="false" >
161-->[androidx.work:work-runtime:2.9.0] AndroidManifest.xml:126:13-37
162            <intent-filter>
162-->[androidx.work:work-runtime:2.9.0] AndroidManifest.xml:128:13-130:29
163                <action android:name="androidx.work.impl.background.systemalarm.UpdateProxies" />
163-->[androidx.work:work-runtime:2.9.0] AndroidManifest.xml:129:17-98
163-->[androidx.work:work-runtime:2.9.0] AndroidManifest.xml:129:25-95
164            </intent-filter>
165        </receiver>
166        <receiver
166-->[androidx.work:work-runtime:2.9.0] AndroidManifest.xml:132:9-142:20
167            android:name="androidx.work.impl.diagnostics.DiagnosticsReceiver"
167-->[androidx.work:work-runtime:2.9.0] AndroidManifest.xml:133:13-78
168            android:directBootAware="false"
168-->[androidx.work:work-runtime:2.9.0] AndroidManifest.xml:134:13-44
169            android:enabled="true"
169-->[androidx.work:work-runtime:2.9.0] AndroidManifest.xml:135:13-35
170            android:exported="true"
170-->[androidx.work:work-runtime:2.9.0] AndroidManifest.xml:136:13-36
171            android:permission="android.permission.DUMP" >
171-->[androidx.work:work-runtime:2.9.0] AndroidManifest.xml:137:13-57
172            <intent-filter>
172-->[androidx.work:work-runtime:2.9.0] AndroidManifest.xml:139:13-141:29
173                <action android:name="androidx.work.diagnostics.REQUEST_DIAGNOSTICS" />
173-->[androidx.work:work-runtime:2.9.0] AndroidManifest.xml:140:17-88
173-->[androidx.work:work-runtime:2.9.0] AndroidManifest.xml:140:25-85
174            </intent-filter>
175        </receiver>
176
177        <uses-library
177-->[androidx.window:window:1.5.0] AndroidManifest.xml:23:9-25:40
178            android:name="androidx.window.extensions"
178-->[androidx.window:window:1.5.0] AndroidManifest.xml:24:13-54
179            android:required="false" />
179-->[androidx.window:window:1.5.0] AndroidManifest.xml:25:13-37
180        <uses-library
180-->[androidx.window:window:1.5.0] AndroidManifest.xml:26:9-28:40
181            android:name="androidx.window.sidecar"
181-->[androidx.window:window:1.5.0] AndroidManifest.xml:27:13-51
182            android:required="false" />
182-->[androidx.window:window:1.5.0] AndroidManifest.xml:28:13-37
183
184        <service
184-->[androidx.room:room-runtime-android:2.8.4] AndroidManifest.xml:24:9-28:63
185            android:name="androidx.room.MultiInstanceInvalidationService"
185-->[androidx.room:room-runtime-android:2.8.4] AndroidManifest.xml:25:13-74
186            android:directBootAware="true"
186-->[androidx.room:room-runtime-android:2.8.4] AndroidManifest.xml:26:13-43
187            android:exported="false" />
187-->[androidx.room:room-runtime-android:2.8.4] AndroidManifest.xml:27:13-37
188
189        <receiver
189-->[androidx.profileinstaller:profileinstaller:1.4.0] AndroidManifest.xml:34:9-52:20
190            android:name="androidx.profileinstaller.ProfileInstallReceiver"
190-->[androidx.profileinstaller:profileinstaller:1.4.0] AndroidManifest.xml:35:13-76
191            android:directBootAware="false"
191-->[androidx.profileinstaller:profileinstaller:1.4.0] AndroidManifest.xml:36:13-44
192            android:enabled="true"
192-->[androidx.profileinstaller:profileinstaller:1.4.0] AndroidManifest.xml:37:13-35
193            android:exported="true"
193-->[androidx.profileinstaller:profileinstaller:1.4.0] AndroidManifest.xml:38:13-36
194            android:permission="android.permission.DUMP" >
194-->[androidx.profileinstaller:profileinstaller:1.4.0] AndroidManifest.xml:39:13-57
195            <intent-filter>
195-->[androidx.profileinstaller:profileinstaller:1.4.0] AndroidManifest.xml:40:13-42:29
196                <action android:name="androidx.profileinstaller.action.INSTALL_PROFILE" />
196-->[androidx.profileinstaller:profileinstaller:1.4.0] AndroidManifest.xml:41:17-91
196-->[androidx.profileinstaller:profileinstaller:1.4.0] AndroidManifest.xml:41:25-88
197            </intent-filter>
198            <intent-filter>
198-->[androidx.profileinstaller:profileinstaller:1.4.0] AndroidManifest.xml:43:13-45:29
199                <action android:name="androidx.profileinstaller.action.SKIP_FILE" />
199-->[androidx.profileinstaller:profileinstaller:1.4.0] AndroidManifest.xml:44:17-85
199-->[androidx.profileinstaller:profileinstaller:1.4.0] AndroidManifest.xml:44:25-82
200            </intent-filter>
201            <intent-filter>
201-->[androidx.profileinstaller:profileinstaller:1.4.0] AndroidManifest.xml:46:13-48:29
202                <action android:name="androidx.profileinstaller.action.SAVE_PROFILE" />
202-->[androidx.profileinstaller:profileinstaller:1.4.0] AndroidManifest.xml:47:17-88
202-->[androidx.profileinstaller:profileinstaller:1.4.0] AndroidManifest.xml:47:25-85
203            </intent-filter>
204            <intent-filter>
204-->[androidx.profileinstaller:profileinstaller:1.4.0] AndroidManifest.xml:49:13-51:29
205                <action android:name="androidx.profileinstaller.action.BENCHMARK_OPERATION" />
205-->[androidx.profileinstaller:profileinstaller:1.4.0] AndroidManifest.xml:50:17-95
205-->[androidx.profileinstaller:profileinstaller:1.4.0] AndroidManifest.xml:50:25-92
206            </intent-filter>
207        </receiver>
208    </application>
209
210</manifest>